\BOOKMARK [0][-]{chapter.1}{Introduction}{}% 1
\BOOKMARK [1][-]{section.1.1}{Vorbemerkung}{chapter.1}% 2
\BOOKMARK [1][-]{section.1.2}{Beispiele}{chapter.1}% 3
\BOOKMARK [1][-]{section.1.3}{Etwas Beispieltext}{chapter.1}% 4
\BOOKMARK [0][-]{chapter.2}{Theory}{}% 5
\BOOKMARK [1][-]{section.2.1}{Debye model}{chapter.2}% 6
\BOOKMARK [1][-]{section.2.2}{Fourier Coefficients of trapezoidal pulse train}{chapter.2}% 7
\BOOKMARK [0][-]{chapter.3}{Methods}{}% 8
\BOOKMARK [1][-]{section.3.1}{Simulation of capacitance}{chapter.3}% 9
\BOOKMARK [1][-]{section.3.2}{Signal analysis of the Debye model}{chapter.3}% 10
\BOOKMARK [0][-]{chapter.4}{Results}{}% 11
\BOOKMARK [1][-]{section.4.1}{Simulation of Capacitance values}{chapter.4}% 12
\BOOKMARK [1][-]{section.4.2}{Complex effective permittivity}{chapter.4}% 13
\BOOKMARK [0][-]{chapter.5}{Results}{}% 14
\BOOKMARK [1][-]{section.5.1}{Simulation of Capacitance values}{chapter.5}% 15
\BOOKMARK [1][-]{section.5.2}{Complex effective permittivity}{chapter.5}% 16
\BOOKMARK [1][-]{section.5.3}{Performance of integrator}{chapter.5}% 17
\BOOKMARK [1][-]{section.5.4}{Dielectric Spectroscopy}{chapter.5}% 18
\BOOKMARK [0][-]{chapter.6}{Discussion}{}% 19
\BOOKMARK [0][-]{chapter.7}{Conclusions}{}% 20
